<?xml version="1.0" encoding="UTF-8"?>
<testsuite xmlns:xsi="http://www.w3.org/2001/XMLSchema-instance" xsi:noNamespaceSchemaLocation="https://maven.apache.org/surefire/maven-surefire-plugin/xsd/surefire-test-report.xsd" name="TestSuite" time="160.904" tests="10" errors="0" skipped="0" failures="1">
  <properties>
[...]
</properties>
  <testcase name="verifyContactLabel" classname="com.crm.qa.testcases.ContactsPagTest" time="0.235"/>
  <testcase name="selectSigleContactTest" classname="com.crm.qa.testcases.ContactsPagTest" time="30.569">
    <failure message="no such element: Unable to locate element: {&quot;method&quot;:&quot;xpath&quot;,&quot;selector&quot;:&quot;//a[contains(text(), &apos;Sanjay Verma&apos;)]/parent::td//preceding-sibling::td//div[@class=&apos;ui fitted read-only checkbox&apos;]&quot;}&#10;  (Session info: chrome=129.0.6668.58)&#10;For documentation on this error, please visit: https://www.selenium.dev/documentation/webdriver/troubleshooting/errors#no-such-element-exception&#10;Build info: version: &apos;4.24.0&apos;, revision: &apos;748ffc9bc3&apos;&#10;System info: os.name: &apos;Windows 10&apos;, os.arch: &apos;amd64&apos;, os.version: &apos;10.0&apos;, java.version: &apos;17.0.12&apos;&#10;Driver info: org.openqa.selenium.chrome.ChromeDriver&#10;Command: [b8e92768bc70b2e25d26a3be9b569eb5, findElement {value=//a[contains(text(), &apos;Sanjay Verma&apos;)]/parent::td//preceding-sibling::td//div[@class=&apos;ui fitted read-only checkbox&apos;], using=xpath}]&#10;Capabilities {acceptInsecureCerts: false, browserName: chrome, browserVersion: 129.0.6668.58, chrome: {chromedriverVersion: 128.0.6613.119 (6e439cfca4d..., userDataDir: C:\Users\DELL\AppData\Local...}, fedcm:accounts: true, goog:chromeOptions: {debuggerAddress: localhost:54650}, networkConnectionEnabled: false, pageLoadStrategy: normal, platformName: windows, proxy: Proxy(), se:cdp: ws://localhost:54650/devtoo..., se:cdpVersion: 129.0.6668.58, setWindowRect: true, strictFileInteractability: false, timeouts: {implicit: 0, pageLoad: 300000, script: 30000}, unhandledPromptBehavior: dismiss and notify, webauthn:extension:credBlob: true, webauthn:extension:largeBlob: true, webauthn:extension:minPinLength: true, webauthn:extension:prf: true, webauthn:virtualAuthenticators: true}&#10;Session ID: b8e92768bc70b2e25d26a3be9b569eb5" type="org.openqa.selenium.NoSuchElementException">org.openqa.selenium.NoSuchElementException: 
no such element: Unable to locate element: {"method":"xpath","selector":"//a[contains(text(), 'Sanjay Verma')]/parent::td//preceding-sibling::td//div[@class='ui fitted read-only checkbox']"}
  (Session info: chrome=129.0.6668.58)
For documentation on this error, please visit: https://www.selenium.dev/documentation/webdriver/troubleshooting/errors#no-such-element-exception
Build info: version: '4.24.0', revision: '748ffc9bc3'
System info: os.name: 'Windows 10', os.arch: 'amd64', os.version: '10.0', java.version: '17.0.12'
Driver info: org.openqa.selenium.chrome.ChromeDriver
Command: [b8e92768bc70b2e25d26a3be9b569eb5, findElement {value=//a[contains(text(), 'Sanjay Verma')]/parent::td//preceding-sibling::td//div[@class='ui fitted read-only checkbox'], using=xpath}]
Capabilities {acceptInsecureCerts: false, browserName: chrome, browserVersion: 129.0.6668.58, chrome: {chromedriverVersion: 128.0.6613.119 (6e439cfca4d..., userDataDir: C:\Users\DELL\AppData\Local...}, fedcm:accounts: true, goog:chromeOptions: {debuggerAddress: localhost:54650}, networkConnectionEnabled: false, pageLoadStrategy: normal, platformName: windows, proxy: Proxy(), se:cdp: ws://localhost:54650/devtoo..., se:cdpVersion: 129.0.6668.58, setWindowRect: true, strictFileInteractability: false, timeouts: {implicit: 0, pageLoad: 300000, script: 30000}, unhandledPromptBehavior: dismiss and notify, webauthn:extension:credBlob: true, webauthn:extension:largeBlob: true, webauthn:extension:minPinLength: true, webauthn:extension:prf: true, webauthn:virtualAuthenticators: true}
Session ID: b8e92768bc70b2e25d26a3be9b569eb5
	at com.crm.qa.testcases.ContactsPagTest.selectSigleContactTest(ContactsPagTest.java:47)
</failure>
    <system-out><![CDATA[Before calling method: quit
Before calling WebDriver method: quit
Before quitting the WebDriver.
After quitting the WebDriver.
After calling WebDriver method: quit
After calling method: quit
Before calling method: manage
Before calling WebDriver method: manage
After calling WebDriver method: manage
After calling method: manage
Before calling method: window
After calling method: window
Before calling method: maximize
After calling method: maximize
Before calling method: manage
Before calling WebDriver method: manage
After calling WebDriver method: manage
After calling method: manage
Before calling method: deleteAllCookies
After calling method: deleteAllCookies
Before calling method: manage
Before calling WebDriver method: manage
After calling WebDriver method: manage
After calling method: manage
Before calling method: timeouts
After calling method: timeouts
Before calling method: pageLoadTimeout
After calling method: pageLoadTimeout
Before calling method: manage
Before calling WebDriver method: manage
After calling WebDriver method: manage
After calling method: manage
Before calling method: timeouts
After calling method: timeouts
Before calling method: implicitlyWait
After calling method: implicitlyWait
Before calling method: get
Before calling WebDriver method: get
Before navigating to URL: https://ui.freecrm.com/
After navigating to URL: https://ui.freecrm.com/
After calling WebDriver method: get
After calling method: get
Before calling method: findElement
Before calling WebDriver method: findElement
Before finding element by: By.name: email
After finding element by: By.name: email
After calling WebDriver method: findElement
After calling method: findElement
Before calling method: sendKeys
Before calling WebElement method: sendKeys
Before sending keys to element.
After sending keys to element.
After calling WebElement method: sendKeys
After calling method: sendKeys
Before calling method: findElement
Before calling WebDriver method: findElement
Before finding element by: By.name: password
After finding element by: By.name: password
After calling WebDriver method: findElement
After calling method: findElement
Before calling method: sendKeys
Before calling WebElement method: sendKeys
Before sending keys to element.
After sending keys to element.
After calling WebElement method: sendKeys
After calling method: sendKeys
Before calling method: findElement
Before calling WebDriver method: findElement
Before finding element by: By.xpath: //div[text()='Login']
After finding element by: By.xpath: //div[text()='Login']
After calling WebDriver method: findElement
After calling method: findElement
Before calling method: click
Before calling WebElement method: click
Before clicking on element.
After clicking on element.
After calling WebElement method: click
After calling method: click
Before calling method: perform
Before calling WebDriver method: perform
Before calling method: findElement
Before calling WebDriver method: findElement
Before finding element by: By.xpath: //span[contains(text(), 'Contacts')]
After finding element by: By.xpath: //span[contains(text(), 'Contacts')]
After calling WebDriver method: findElement
After calling method: findElement
After calling WebDriver method: perform
After calling method: perform
Before calling method: findElement
Before calling WebDriver method: findElement
Before finding element by: By.xpath: //span[contains(text(), 'Contacts')]
After finding element by: By.xpath: //span[contains(text(), 'Contacts')]
After calling WebDriver method: findElement
After calling method: findElement
Before calling method: click
Before calling WebElement method: click
Before clicking on element.
After clicking on element.
After calling WebElement method: click
After calling method: click
Before calling method: perform
Before calling WebDriver method: perform
Before calling method: findElement
Before calling WebDriver method: findElement
Before finding element by: By.xpath: //button[contains(text(), 'Show Filters')]
After finding element by: By.xpath: //button[contains(text(), 'Show Filters')]
After calling WebDriver method: findElement
After calling method: findElement
After calling WebDriver method: perform
After calling method: perform
Before calling method: findElement
Before calling WebDriver method: findElement
Before finding element by: By.xpath: //a[contains(text(), 'Sanjay Verma')]/parent::td//preceding-sibling::td//div[@class='ui fitted read-only checkbox']
Error while calling method: findElement - null
Exception occured: findElement
Before calling method: getScreenshotAs
Before calling WebDriver method: getScreenshotAs
After calling WebDriver method: getScreenshotAs
After calling method: getScreenshotAs
]]></system-out>
    <system-err><![CDATA[Sep 22, 2024 11:45:37 AM org.openqa.selenium.devtools.CdpVersionFinder findNearestMatch
WARNING: Unable to find an exact match for CDP version 129, returning the closest version; found: 128; Please update to a Selenium version that supports CDP version 129
]]></system-err>
  </testcase>
  <testcase name="validateCreateNewContact" classname="com.crm.qa.testcases.ContactsPagTest" time="2.24"/>
  <testcase name="validateCreateNewContact" classname="com.crm.qa.testcases.ContactsPagTest" time="2.246"/>
  <testcase name="validateCreateNewContact" classname="com.crm.qa.testcases.ContactsPagTest" time="2.275"/>
  <testcase name="HomePageTitleTest" classname="com.crm.qa.testcases.HomePageTest" time="0.017"/>
  <testcase name="userNameTest" classname="com.crm.qa.testcases.HomePageTest" time="2.868"/>
  <testcase name="contactLinkTest" classname="com.crm.qa.testcases.HomePageTest" time="4.172"/>
  <testcase name="loginPageTitleTest" classname="com.crm.qa.testcases.LoginPageTest" time="0.018"/>
  <testcase name="loginTest" classname="com.crm.qa.testcases.LoginPageTest" time="6.726"/>
</testsuite>