<?xml version="1.0" encoding="UTF-8"?>
<testng-results ignored="0" total="2" passed="2" failed="0" skipped="0">
  <reporter-output>
  </reporter-output>
  <suite started-at="2024-08-16T12:57:27 IST" name="Default suite" finished-at="2024-08-16T12:57:48 IST" duration-ms="21397">
    <groups>
    </groups>
    <test started-at="2024-08-16T12:57:27 IST" name="Default test" finished-at="2024-08-16T12:57:48 IST" duration-ms="21397">
      <class name="com.crm.qa.testcases.LoginPageTest">
        <test-method is-config="true" signature="setUp()[pri:0, instance:com.crm.qa.testcases.LoginPageTest@6e20b53a]" started-at="2024-08-16T12:57:27 IST" name="setUp" finished-at="2024-08-16T12:57:35 IST" duration-ms="8781" status="PASS">
          <reporter-output>
          </reporter-output>
        </test-method> <!-- setUp -->
        <test-method signature="loginPageTitleTest()[pri:1, instance:com.crm.qa.testcases.LoginPageTest@6e20b53a]" started-at="2024-08-16T12:57:35 IST" name="loginPageTitleTest" finished-at="2024-08-16T12:57:35 IST" duration-ms="19" status="PASS">
          <reporter-output>
          </reporter-output>
        </test-method> <!-- loginPageTitleTest -->
        <test-method is-config="true" signature="tearDown()[pri:0, instance:com.crm.qa.testcases.LoginPageTest@6e20b53a]" started-at="2024-08-16T12:57:35 IST" name="tearDown" finished-at="2024-08-16T12:57:36 IST" duration-ms="223" status="PASS">
          <reporter-output>
          </reporter-output>
        </test-method> <!-- tearDown -->
        <test-method is-config="true" signature="setUp()[pri:0, instance:com.crm.qa.testcases.LoginPageTest@6e20b53a]" started-at="2024-08-16T12:57:36 IST" name="setUp" finished-at="2024-08-16T12:57:42 IST" duration-ms="6168" status="PASS">
          <reporter-output>
          </reporter-output>
        </test-method> <!-- setUp -->
        <test-method signature="loginTest()[pri:2, instance:com.crm.qa.testcases.LoginPageTest@6e20b53a]" started-at="2024-08-16T12:57:42 IST" name="loginTest" finished-at="2024-08-16T12:57:48 IST" duration-ms="5744" status="PASS">
          <reporter-output>
          </reporter-output>
        </test-method> <!-- loginTest -->
        <test-method is-config="true" signature="tearDown()[pri:0, instance:com.crm.qa.testcases.LoginPageTest@6e20b53a]" started-at="2024-08-16T12:57:48 IST" name="tearDown" finished-at="2024-08-16T12:57:48 IST" duration-ms="424" status="PASS">
          <reporter-output>
          </reporter-output>
        </test-method> <!-- tearDown -->
      </class> <!-- com.crm.qa.testcases.LoginPageTest -->
    </test> <!-- Default test -->
  </suite> <!-- Default suite -->
</testng-results>
